e:\workspace\file_save_haizeiwang10086\qtquestwindow\qtquestwindow\x64\release\browsedlg.obj
e:\workspace\file_save_haizeiwang10086\qtquestwindow\qtquestwindow\x64\release\qtnewwindow.obj
e:\workspace\file_save_haizeiwang10086\qtquestwindow\qtquestwindow\x64\release\qtquestwindow.obj
e:\workspace\file_save_haizeiwang10086\qtquestwindow\qtquestwindow\x64\release\qquestwindowcontrol.obj
e:\workspace\file_save_haizeiwang10086\qtquestwindow\qtquestwindow\x64\release\moc_browsedlg.obj
e:\workspace\file_save_haizeiwang10086\qtquestwindow\qtquestwindow\x64\release\moc_browsedlg.asm
e:\workspace\file_save_haizeiwang10086\qtquestwindow\qtquestwindow\x64\release\moc_qtnewwindow.obj
e:\workspace\file_save_haizeiwang10086\qtquestwindow\qtquestwindow\x64\release\moc_qtnewwindow.asm
e:\workspace\file_save_haizeiwang10086\qtquestwindow\qtquestwindow\x64\release\qrc_resource.obj
e:\workspace\file_save_haizeiwang10086\qtquestwindow\qtquestwindow\x64\release\vc140.pdb
e:\workspace\file_save_haizeiwang10086\qtquestwindow\x64\release\qtquestwindow.ilk
e:\workspace\file_save_haizeiwang10086\qtquestwindow\x64\release\qtquestwindow.dll
e:\workspace\file_save_haizeiwang10086\qtquestwindow\x64\release\qtquestwindow.pdb
e:\workspace\file_save_haizeiwang10086\qtquestwindow\qtquestwindow\.\generatedfiles\release\moc_browsedlg.cpp
e:\workspace\file_save_haizeiwang10086\qtquestwindow\qtquestwindow\.\generatedfiles\release\moc_qtnewwindow.cpp
e:\workspace\file_save_haizeiwang10086\qtquestwindow\qtquestwindow\generatedfiles\ui_browse.h
e:\workspace\file_save_haizeiwang10086\qtquestwindow\qtquestwindow\generatedfiles\ui_new.h
e:\workspace\file_save_haizeiwang10086\qtquestwindow\qtquestwindow\generatedfiles\ui_questionwindow.h
e:\workspace\file_save_haizeiwang10086\qtquestwindow\qtquestwindow\generatedfiles\release\moc_browsedlg.cpp
e:\workspace\file_save_haizeiwang10086\qtquestwindow\qtquestwindow\generatedfiles\release\moc_qtnewwindow.cpp
e:\workspace\file_save_haizeiwang10086\qtquestwindow\x64\release\qtquestwindow.lib
e:\workspace\file_save_haizeiwang10086\qtquestwindow\x64\release\qtquestwindow.exp
e:\workspace\file_save_haizeiwang10086\qtquestwindow\qtquestwindow\generatedfiles\qrc_resource.cpp
e:\workspace\file_save_haizeiwang10086\qtquestwindow\qtquestwindow\x64\release\app.res
e:\workspace\file_save_haizeiwang10086\qtquestwindow\qtquestwindow\x64\release\qtquestwindow.res
e:\workspace\file_save_haizeiwang10086\qtquestwindow\qtquestwindow\.\generatedfiles\qrc_resource.cpp
e:\workspace\file_save_haizeiwang10086\qtquestwindow\qtquestwindow\.\generatedfiles\ui_browse.h
e:\workspace\file_save_haizeiwang10086\qtquestwindow\qtquestwindow\.\generatedfiles\ui_new.h
e:\workspace\file_save_haizeiwang10086\qtquestwindow\qtquestwindow\.\generatedfiles\ui_questionwindow.h
e:\workspace\file_save_haizeiwang10086\qtquestwindow\qtquestwindow\x64\release\qtquestwindow.tlog\cl.command.1.tlog
e:\workspace\file_save_haizeiwang10086\qtquestwindow\qtquestwindow\x64\release\qtquestwindow.tlog\cl.read.1.tlog
e:\workspace\file_save_haizeiwang10086\qtquestwindow\qtquestwindow\x64\release\qtquestwindow.tlog\cl.write.1.tlog
e:\workspace\file_save_haizeiwang10086\qtquestwindow\qtquestwindow\x64\release\qtquestwindow.tlog\link.command.1.tlog
e:\workspace\file_save_haizeiwang10086\qtquestwindow\qtquestwindow\x64\release\qtquestwindow.tlog\link.read.1.tlog
e:\workspace\file_save_haizeiwang10086\qtquestwindow\qtquestwindow\x64\release\qtquestwindow.tlog\link.write.1.tlog
e:\workspace\file_save_haizeiwang10086\qtquestwindow\qtquestwindow\x64\release\qtquestwindow.tlog\moc.read.1u.tlog
e:\workspace\file_save_haizeiwang10086\qtquestwindow\qtquestwindow\x64\release\qtquestwindow.tlog\moc.write.1u.tlog
e:\workspace\file_save_haizeiwang10086\qtquestwindow\qtquestwindow\x64\release\qtquestwindow.tlog\qtquestwindow.write.1u.tlog
e:\workspace\file_save_haizeiwang10086\qtquestwindow\qtquestwindow\x64\release\qtquestwindow.tlog\rc.command.1.tlog
e:\workspace\file_save_haizeiwang10086\qtquestwindow\qtquestwindow\x64\release\qtquestwindow.tlog\rc.read.1.tlog
e:\workspace\file_save_haizeiwang10086\qtquestwindow\qtquestwindow\x64\release\qtquestwindow.tlog\rc.write.1.tlog
e:\workspace\file_save_haizeiwang10086\qtquestwindow\qtquestwindow\x64\release\qtquestwindow.tlog\rcc.read.1u.tlog
e:\workspace\file_save_haizeiwang10086\qtquestwindow\qtquestwindow\x64\release\qtquestwindow.tlog\rcc.write.1u.tlog
e:\workspace\file_save_haizeiwang10086\qtquestwindow\qtquestwindow\x64\release\qtquestwindow.tlog\uic.read.1u.tlog
e:\workspace\file_save_haizeiwang10086\qtquestwindow\qtquestwindow\x64\release\qtquestwindow.tlog\uic.write.1u.tlog
