e:\workspace\file_save_haizeiwang10086\docmanagement\docmanagement\x64\release\docmanagement.obj
e:\workspace\file_save_haizeiwang10086\docmanagement\docmanagement\x64\release\batcheditname.obj
e:\workspace\file_save_haizeiwang10086\docmanagement\docmanagement\x64\release\moc_docmanagement.obj
e:\workspace\file_save_haizeiwang10086\docmanagement\docmanagement\x64\release\moc_batcheditname.obj
e:\workspace\file_save_haizeiwang10086\docmanagement\docmanagement\x64\release\main.obj
e:\workspace\file_save_haizeiwang10086\docmanagement\docmanagement\x64\release\qrc_docmanagement.obj
e:\workspace\file_save_haizeiwang10086\docmanagement\docmanagement\generatedfiles\release\moc_docmanagement.cpp
e:\workspace\file_save_haizeiwang10086\docmanagement\docmanagement\generatedfiles\ui_docmanagement.h
e:\workspace\file_save_haizeiwang10086\docmanagement\docmanagement\generatedfiles\qrc_docmanagement.cpp
e:\workspace\file_save_haizeiwang10086\docmanagement\docmanagement\generatedfiles\ui_batcheditfilename.h
e:\workspace\file_save_haizeiwang10086\docmanagement\docmanagement\generatedfiles\release\moc_batcheditname.cpp
e:\workspace\file_save_haizeiwang10086\qtsearchwindow\x64\release\docmanagement.exe
e:\workspace\file_save_haizeiwang10086\docmanagement\docmanagement\.\generatedfiles\release\moc_batcheditname.cpp
e:\workspace\file_save_haizeiwang10086\docmanagement\docmanagement\x64\release\app.res
e:\workspace\file_save_haizeiwang10086\docmanagement\docmanagement\.\generatedfiles\ui_batcheditfilename.h
e:\workspace\file_save_haizeiwang10086\docmanagement\docmanagement\x64\release\docmanagement.tlog\cl.command.1.tlog
e:\workspace\file_save_haizeiwang10086\docmanagement\docmanagement\x64\release\docmanagement.tlog\cl.read.1.tlog
e:\workspace\file_save_haizeiwang10086\docmanagement\docmanagement\x64\release\docmanagement.tlog\cl.write.1.tlog
e:\workspace\file_save_haizeiwang10086\docmanagement\docmanagement\x64\release\docmanagement.tlog\custombuild.command.1.tlog
e:\workspace\file_save_haizeiwang10086\docmanagement\docmanagement\x64\release\docmanagement.tlog\custombuild.read.1.tlog
e:\workspace\file_save_haizeiwang10086\docmanagement\docmanagement\x64\release\docmanagement.tlog\custombuild.write.1.tlog
e:\workspace\file_save_haizeiwang10086\docmanagement\docmanagement\x64\release\docmanagement.tlog\docmanagement.write.1u.tlog
e:\workspace\file_save_haizeiwang10086\docmanagement\docmanagement\x64\release\docmanagement.tlog\link.command.1.tlog
e:\workspace\file_save_haizeiwang10086\docmanagement\docmanagement\x64\release\docmanagement.tlog\link.read.1.tlog
e:\workspace\file_save_haizeiwang10086\docmanagement\docmanagement\x64\release\docmanagement.tlog\link.write.1.tlog
e:\workspace\file_save_haizeiwang10086\docmanagement\docmanagement\x64\release\docmanagement.tlog\moc.read.1u.tlog
e:\workspace\file_save_haizeiwang10086\docmanagement\docmanagement\x64\release\docmanagement.tlog\moc.write.1u.tlog
e:\workspace\file_save_haizeiwang10086\docmanagement\docmanagement\x64\release\docmanagement.tlog\rc.command.1.tlog
e:\workspace\file_save_haizeiwang10086\docmanagement\docmanagement\x64\release\docmanagement.tlog\rc.read.1.tlog
e:\workspace\file_save_haizeiwang10086\docmanagement\docmanagement\x64\release\docmanagement.tlog\rc.write.1.tlog
e:\workspace\file_save_haizeiwang10086\docmanagement\docmanagement\x64\release\docmanagement.tlog\uic.read.1u.tlog
e:\workspace\file_save_haizeiwang10086\docmanagement\docmanagement\x64\release\docmanagement.tlog\uic.write.1u.tlog
