生成启动时间为 2020/1/6 17:03:26。
     1>项目“E:\workspace\file_save_haizeiwang10086\DocManagement\DocManagement\DocManagement.vcxproj”在节点 2 上(Build 个目标)。
     1>CustomBuild:
         Moc'ing DocManagement.h...
         Uic'ing DocManagement.ui...
         Rcc'ing DocManagement.qrc...
     1>RCC : warning : No resources in 'E:\workspace\file_save_haizeiwang10086\DocManagement\DocManagement\DocManagement.qrc'.
         
       QtRccSetDependencies:
         "D:\QT\5.9.2\msvc2015_64\bin\rcc.exe" --list "resource.qrc" > "x64\Release\rcc_list.txt" 2> nul
       QtWork:
         Uic'ing BatchEditFileName.ui...
         Uic'ing DataBaseLink.ui...
         Uic'ing DocDisp.ui...
         Moc'ing BatchEditName.h...
         Moc'ing DataBaseLinkDialog.h...
       ClCompile:
         D:\VisualStudio\VC\bin\x86_amd64\CL.exe /c /I.\GeneratedFiles /I.\GeneratedFiles\Release /I.\GeneratedFiles /I. /ID:\ProgramFile\QT\5.9.2\msvc2015_64\include /I.\GeneratedFiles\Release /ID:\ProgramFile\QT\5.9.2\msvc2015_64\include\QtCore /ID:\ProgramFile\QT\5.9.2\msvc2015_64\include\QtGui /ID:\ProgramFile\QT\5.9.2\msvc2015_64\include\QtSql /ID:\ProgramFile\QT\5.9.2\msvc2015_64\include\QtWidgets /Zi /nologo /W1 /WX- /MP /O2 /D UNICODE /D _UNICODE /D WIN32 /D WIN64 /D QT_NO_DEBUG /D NDEBUG /Gm- /EHsc /MD /GS /fp:precise /Zc:wchar_t /Zc:forScope /Zc:inline /Fo"x64\Release\\" /Fd"x64\Release\vc140.pdb" /Gd /TP /errorReport:prompt BatchEditName.cpp CustomTabStyle.cpp DataBaseLinkDialog.cpp DocDisp.cpp DocManagement.cpp GeneratedFiles\Release\moc_DocManagement.cpp main.cpp GeneratedFiles\qrc_resource.cpp GeneratedFiles\Release\moc_BatchEditName.cpp GeneratedFiles\Release\moc_DataBaseLinkDialog.cpp
         BatchEditName.cpp
         CustomTabStyle.cpp
         DataBaseLinkDialog.cpp
         DocDisp.cpp
     1>E:\workspace\file_save_haizeiwang10086\DocManagement\DocManagement\GeneratedFiles\ui_DataBaseLink.h(12): fatal error C1083: 无法打开包括文件: “QtCore/QVariant”: No such file or directory (编译源文件 DataBaseLinkDialog.cpp)
     1>E:\workspace\file_save_haizeiwang10086\DocManagement\DocManagement\GeneratedFiles\ui_DocDisp.h(12): fatal error C1083: 无法打开包括文件: “QtCore/QVariant”: No such file or directory (编译源文件 DocDisp.cpp)
     1>E:\workspace\file_save_haizeiwang10086\DocManagement\DocManagement\GeneratedFiles\ui_BatchEditFileName.h(12): fatal error C1083: 无法打开包括文件: “QtCore/QVariant”: No such file or directory (编译源文件 BatchEditName.cpp)
     1>e:\workspace\file_save_haizeiwang10086\docmanagement\docmanagement\CustomTabStyle.h(3): fatal error C1083: 无法打开包括文件: “QProxyStyle”: No such file or directory (编译源文件 CustomTabStyle.cpp)
         DocManagement.cpp
         moc_DocManagement.cpp
         main.cpp
         qrc_resource.cpp
     1>e:\workspace\file_save_haizeiwang10086\docmanagement\docmanagement\DocManagement.h(3): fatal error C1083: 无法打开包括文件: “QtWidgets/QMainWindow”: No such file or directory (编译源文件 main.cpp)
     1>e:\workspace\file_save_haizeiwang10086\docmanagement\docmanagement\generatedfiles\release\../../DocManagement.h(3): fatal error C1083: 无法打开包括文件: “QtWidgets/QMainWindow”: No such file or directory (编译源文件 GeneratedFiles\Release\moc_DocManagement.cpp)
         moc_BatchEditName.cpp
         moc_DataBaseLinkDialog.cpp
     1>e:\workspace\file_save_haizeiwang10086\docmanagement\docmanagement\DocManagement.h(3): fatal error C1083: 无法打开包括文件: “QtWidgets/QMainWindow”: No such file or directory (编译源文件 DocManagement.cpp)
     1>E:\workspace\file_save_haizeiwang10086\DocManagement\DocManagement\GeneratedFiles\ui_BatchEditFileName.h(12): fatal error C1083: 无法打开包括文件: “QtCore/QVariant”: No such file or directory (编译源文件 GeneratedFiles\Release\moc_BatchEditName.cpp)
     1>E:\workspace\file_save_haizeiwang10086\DocManagement\DocManagement\GeneratedFiles\ui_DataBaseLink.h(12): fatal error C1083: 无法打开包括文件: “QtCore/QVariant”: No such file or directory (编译源文件 GeneratedFiles\Release\moc_DataBaseLinkDialog.cpp)
     1>已完成生成项目“E:\workspace\file_save_haizeiwang10086\DocManagement\DocManagement\DocManagement.vcxproj”(Build 个目标)的操作 - 失败。

生成失败。

已用时间 00:00:03.78
