f:\workspace\file_save_haizeiwang10086\qtsearchwindow\qtsearchwindow\x64\release\qtnewwindow.obj
f:\workspace\file_save_haizeiwang10086\qtsearchwindow\qtsearchwindow\x64\release\qsearchwindowcontrol.obj
f:\workspace\file_save_haizeiwang10086\qtsearchwindow\qtsearchwindow\x64\release\qtsearchwindow.obj
f:\workspace\file_save_haizeiwang10086\qtsearchwindow\qtsearchwindow\x64\release\moc_qtnewwindow.obj
f:\workspace\file_save_haizeiwang10086\qtsearchwindow\qtsearchwindow\x64\release\moc_qtnewwindow.asm
f:\workspace\file_save_haizeiwang10086\qtsearchwindow\x64\release\qtsearchwindow.ilk
f:\workspace\file_save_haizeiwang10086\qtsearchwindow\x64\release\qtsearchwindow.dll
f:\workspace\file_save_haizeiwang10086\qtsearchwindow\x64\release\qtsearchwindow.pdb
f:\workspace\file_save_haizeiwang10086\qtsearchwindow\qtsearchwindow\.\generatedfiles\release\moc_qtnewwindow.cpp
f:\workspace\file_save_haizeiwang10086\qtsearchwindow\qtsearchwindow\generatedfiles\ui_new.h
f:\workspace\file_save_haizeiwang10086\qtsearchwindow\qtsearchwindow\generatedfiles\ui_searchwindow.h
f:\workspace\file_save_haizeiwang10086\qtsearchwindow\qtsearchwindow\generatedfiles\release\moc_qtnewwindow.cpp
f:\workspace\file_save_haizeiwang10086\qtsearchwindow\x64\release\qtsearchwindow.lib
f:\workspace\file_save_haizeiwang10086\qtsearchwindow\x64\release\qtsearchwindow.exp
f:\workspace\file_save_haizeiwang10086\qtsearchwindow\qtsearchwindow\x64\release\app.res
f:\workspace\file_save_haizeiwang10086\qtsearchwindow\qtsearchwindow\x64\release\qtsearchwindow.res
f:\workspace\file_save_haizeiwang10086\qtsearchwindow\qtsearchwindow\.\generatedfiles\ui_new.h
f:\workspace\file_save_haizeiwang10086\qtsearchwindow\qtsearchwindow\.\generatedfiles\ui_searchwindow.h
f:\workspace\file_save_haizeiwang10086\qtsearchwindow\qtsearchwindow\x64\release\vc140.pdb
f:\workspace\file_save_haizeiwang10086\qtsearchwindow\qtsearchwindow\x64\release\qtsearchwindow.tlog\cl.command.1.tlog
f:\workspace\file_save_haizeiwang10086\qtsearchwindow\qtsearchwindow\x64\release\qtsearchwindow.tlog\cl.read.1.tlog
f:\workspace\file_save_haizeiwang10086\qtsearchwindow\qtsearchwindow\x64\release\qtsearchwindow.tlog\cl.write.1.tlog
f:\workspace\file_save_haizeiwang10086\qtsearchwindow\qtsearchwindow\x64\release\qtsearchwindow.tlog\link.command.1.tlog
f:\workspace\file_save_haizeiwang10086\qtsearchwindow\qtsearchwindow\x64\release\qtsearchwindow.tlog\link.read.1.tlog
f:\workspace\file_save_haizeiwang10086\qtsearchwindow\qtsearchwindow\x64\release\qtsearchwindow.tlog\link.write.1.tlog
f:\workspace\file_save_haizeiwang10086\qtsearchwindow\qtsearchwindow\x64\release\qtsearchwindow.tlog\moc.read.1u.tlog
f:\workspace\file_save_haizeiwang10086\qtsearchwindow\qtsearchwindow\x64\release\qtsearchwindow.tlog\moc.write.1u.tlog
f:\workspace\file_save_haizeiwang10086\qtsearchwindow\qtsearchwindow\x64\release\qtsearchwindow.tlog\qtsearchwindow.write.1u.tlog
f:\workspace\file_save_haizeiwang10086\qtsearchwindow\qtsearchwindow\x64\release\qtsearchwindow.tlog\rc.command.1.tlog
f:\workspace\file_save_haizeiwang10086\qtsearchwindow\qtsearchwindow\x64\release\qtsearchwindow.tlog\rc.read.1.tlog
f:\workspace\file_save_haizeiwang10086\qtsearchwindow\qtsearchwindow\x64\release\qtsearchwindow.tlog\rc.write.1.tlog
f:\workspace\file_save_haizeiwang10086\qtsearchwindow\qtsearchwindow\x64\release\qtsearchwindow.tlog\uic.read.1u.tlog
f:\workspace\file_save_haizeiwang10086\qtsearchwindow\qtsearchwindow\x64\release\qtsearchwindow.tlog\uic.write.1u.tlog
