e:\workspace\file_save_haizeiwang10086\qtsearchwindow\qtsearchwindow\x64\debug\qtnewwindow.obj
e:\workspace\file_save_haizeiwang10086\qtsearchwindow\qtsearchwindow\x64\debug\qsearchwindowcontrol.obj
e:\workspace\file_save_haizeiwang10086\qtsearchwindow\qtsearchwindow\x64\debug\qtsearchwindow.obj
e:\workspace\file_save_haizeiwang10086\qtsearchwindow\qtsearchwindow\x64\debug\vc140.pdb
e:\workspace\file_save_haizeiwang10086\qtsearchwindow\qtsearchwindow\x64\debug\moc_qtnewwindow.obj
e:\workspace\file_save_haizeiwang10086\qtsearchwindow\qtsearchwindow\x64\debug\moc_qtnewwindow.asm
e:\workspace\file_save_haizeiwang10086\qtsearchwindow\x64\debug\qtsearchwindow.ilk
e:\workspace\file_save_haizeiwang10086\qtsearchwindow\x64\debug\qtsearchwindow.dll
e:\workspace\file_save_haizeiwang10086\qtsearchwindow\x64\debug\qtsearchwindow.pdb
e:\workspace\file_save_haizeiwang10086\qtsearchwindow\qtsearchwindow\.\generatedfiles\debug\moc_qtnewwindow.cpp
e:\workspace\file_save_haizeiwang10086\qtsearchwindow\qtsearchwindow\generatedfiles\ui_new.h
e:\workspace\file_save_haizeiwang10086\qtsearchwindow\qtsearchwindow\generatedfiles\ui_searchwindow.h
e:\workspace\file_save_haizeiwang10086\qtsearchwindow\qtsearchwindow\generatedfiles\debug\moc_qtnewwindow.cpp
e:\workspace\file_save_haizeiwang10086\qtsearchwindow\x64\debug\qtsearchwindow.lib
e:\workspace\file_save_haizeiwang10086\qtsearchwindow\x64\debug\qtsearchwindow.exp
e:\workspace\file_save_haizeiwang10086\qtsearchwindow\qtsearchwindow\x64\debug\app.res
e:\workspace\file_save_haizeiwang10086\qtsearchwindow\qtsearchwindow\x64\debug\qtsearchwindow.res
e:\workspace\file_save_haizeiwang10086\qtsearchwindow\qtsearchwindow\.\generatedfiles\ui_new.h
e:\workspace\file_save_haizeiwang10086\qtsearchwindow\qtsearchwindow\.\generatedfiles\ui_searchwindow.h
e:\workspace\file_save_haizeiwang10086\qtsearchwindow\qtsearchwindow\x64\debug\qtsearchwindow.tlog\cl.command.1.tlog
e:\workspace\file_save_haizeiwang10086\qtsearchwindow\qtsearchwindow\x64\debug\qtsearchwindow.tlog\cl.read.1.tlog
e:\workspace\file_save_haizeiwang10086\qtsearchwindow\qtsearchwindow\x64\debug\qtsearchwindow.tlog\cl.write.1.tlog
e:\workspace\file_save_haizeiwang10086\qtsearchwindow\qtsearchwindow\x64\debug\qtsearchwindow.tlog\link.command.1.tlog
e:\workspace\file_save_haizeiwang10086\qtsearchwindow\qtsearchwindow\x64\debug\qtsearchwindow.tlog\link.read.1.tlog
e:\workspace\file_save_haizeiwang10086\qtsearchwindow\qtsearchwindow\x64\debug\qtsearchwindow.tlog\link.write.1.tlog
e:\workspace\file_save_haizeiwang10086\qtsearchwindow\qtsearchwindow\x64\debug\qtsearchwindow.tlog\moc.read.1u.tlog
e:\workspace\file_save_haizeiwang10086\qtsearchwindow\qtsearchwindow\x64\debug\qtsearchwindow.tlog\moc.write.1u.tlog
e:\workspace\file_save_haizeiwang10086\qtsearchwindow\qtsearchwindow\x64\debug\qtsearchwindow.tlog\qtsearchwindow.write.1u.tlog
e:\workspace\file_save_haizeiwang10086\qtsearchwindow\qtsearchwindow\x64\debug\qtsearchwindow.tlog\rc.command.1.tlog
e:\workspace\file_save_haizeiwang10086\qtsearchwindow\qtsearchwindow\x64\debug\qtsearchwindow.tlog\rc.read.1.tlog
e:\workspace\file_save_haizeiwang10086\qtsearchwindow\qtsearchwindow\x64\debug\qtsearchwindow.tlog\rc.write.1.tlog
e:\workspace\file_save_haizeiwang10086\qtsearchwindow\qtsearchwindow\x64\debug\qtsearchwindow.tlog\uic.read.1u.tlog
e:\workspace\file_save_haizeiwang10086\qtsearchwindow\qtsearchwindow\x64\debug\qtsearchwindow.tlog\uic.write.1u.tlog
