生成启动时间为 2020/1/31 5:16:58。
     1>项目“F:\workspace\file_save_haizeiwang10086\DocManagement\DocManagement\DocManagement.vcxproj”在节点 2 上(Build 个目标)。
     1>项目“F:\workspace\file_save_haizeiwang10086\DocManagement\DocManagement\DocManagement.vcxproj”(1)正在节点 2 上生成“F:\workspace\file_save_haizeiwang10086\DocManagement\DocManagement\DocManagement.vcxproj”(1:2) (Build 个目标)。
     1>QtRccSetDependencies:
         "D:\ProgramFiles\Qt5.9.2\5.9.2\msvc2015_64\bin\rcc.exe" --list "resource.qrc" > "x64\Debug\rcc_list.txt" 2> nul
       ClCompile:
         D:\ProgramFiles\Microsoft Visual Studio 14.0\VC\bin\x86_amd64\CL.exe /c /I.\GeneratedFiles /I.\GeneratedFiles\Debug /I.\GeneratedFiles /I. /ID:\ProgramFiles\Qt5.9.2\5.9.2\msvc2015_64\include /I.\GeneratedFiles\Debug /ID:\ProgramFiles\Qt5.9.2\5.9.2\msvc2015_64\include\QtCore /ID:\ProgramFiles\Qt5.9.2\5.9.2\msvc2015_64\include\QtGui /ID:\ProgramFiles\Qt5.9.2\5.9.2\msvc2015_64\include\QtSql /ID:\ProgramFiles\Qt5.9.2\5.9.2\msvc2015_64\include\QtWidgets /Zi /nologo /W1 /WX- /MP /Od /D UNICODE /D _UNICODE /D WIN32 /D WIN64 /D _MBCS /Gm- /EHsc /MDd /GS /fp:precise /Zc:wchar_t /Zc:forScope /Zc:inline /Fo"x64\Debug\\" /Fd"x64\Debug\vc140.pdb" /Gd /TP /errorReport:prompt DocManagement.cpp
         DocManagement.cpp
       Link:
         D:\ProgramFiles\Microsoft Visual Studio 14.0\VC\bin\x86_amd64\link.exe /ERRORREPORT:PROMPT /OUT:"F:\workspace\file_save_haizeiwang10086\QtQuestWindow\x64\Debug\\DocManagement.exe" /NOLOGO /LIBPATH:D:\ProgramFiles\Qt5.9.2\5.9.2\msvc2015_64\lib qtmaind.lib Qt5Cored.lib Qt5AxServerd.lib Qt5Guid.lib Qt5AxBased.lib Qt5Sqld.lib Qt5Widgetsd.lib Qt5AxContainerd.lib kernel32.lib user32.lib gdi32.lib winspool.lib comdlg32.lib advapi32.lib shell32.lib ole32.lib oleaut32.lib uuid.lib odbc32.lib odbccp32.lib /MANIFEST /MANIFESTUAC:"level='asInvoker' uiAccess='false'" /manifest:embed /DEBUG /PDB:"F:\workspace\file_save_haizeiwang10086\QtQuestWindow\x64\Debug\DocManagement.pdb" /SUBSYSTEM:WINDOWS /TLBID:1 /DYNAMICBASE /NXCOMPAT /IMPLIB:"F:\workspace\file_save_haizeiwang10086\QtQuestWindow\x64\Debug\DocManagement.lib" /MACHINE:X64 x64\Debug\Resource.res
         x64\Debug\BatchEditName.obj
         x64\Debug\CustomTabStyle.obj
         x64\Debug\DataBaseLinkDialog.obj
         x64\Debug\DocDisp.obj
         x64\Debug\DocManagement.obj
         x64\Debug\FileManager.obj
         x64\Debug\moc_DocManagement.obj
         x64\Debug\qrc_DocManagement.obj
         x64\Debug\main.obj
         x64\Debug\MItemModel.obj
         x64\Debug\NewDlg.obj
         x64\Debug\qrc_resource.obj
         x64\Debug\moc_NewDlg.obj
         x64\Debug\moc_BatchEditName.obj
         x64\Debug\moc_DataBaseLinkDialog.obj
         DocManagement.vcxproj -> F:\workspace\file_save_haizeiwang10086\QtQuestWindow\x64\Debug\DocManagement.exe
     1>已完成生成项目“F:\workspace\file_save_haizeiwang10086\DocManagement\DocManagement\DocManagement.vcxproj”(Build 个目标)的操作。
     1>已完成生成项目“F:\workspace\file_save_haizeiwang10086\DocManagement\DocManagement\DocManagement.vcxproj”(Build 个目标)的操作。

已成功生成。

已用时间 00:00:02.01
