e:\workspace\file_save_haizeiwang10086\docmanagement\docmanagement\x64\debug\moc_docmanagement.obj
e:\workspace\file_save_haizeiwang10086\docmanagement\docmanagement\x64\debug\main.obj
e:\workspace\file_save_haizeiwang10086\docmanagement\docmanagement\x64\debug\docmanagement.obj
e:\workspace\file_save_haizeiwang10086\docmanagement\docmanagement\x64\debug\tabledisp.obj
e:\workspace\file_save_haizeiwang10086\docmanagement\docmanagement\x64\debug\moc_tabledisp.obj
e:\workspace\file_save_haizeiwang10086\docmanagement\docmanagement\x64\debug\vc140.pdb
e:\workspace\file_save_haizeiwang10086\docmanagement\docmanagement\x64\debug\qrc_docmanagement.obj
e:\workspace\file_save_haizeiwang10086\docmanagement\docmanagement\generatedfiles\debug\moc_docmanagement.cpp
e:\workspace\file_save_haizeiwang10086\docmanagement\docmanagement\generatedfiles\ui_docmanagement.h
e:\workspace\file_save_haizeiwang10086\docmanagement\docmanagement\generatedfiles\qrc_docmanagement.cpp
e:\workspace\file_save_haizeiwang10086\docmanagement\docmanagement\generatedfiles\ui_tabledisp.h
e:\workspace\file_save_haizeiwang10086\docmanagement\docmanagement\generatedfiles\debug\moc_tabledisp.cpp
e:\workspace\file_save_haizeiwang10086\docmanagement\x64\debug\docmanagement.ilk
e:\workspace\file_save_haizeiwang10086\docmanagement\x64\debug\docmanagement.exe
e:\workspace\file_save_haizeiwang10086\docmanagement\x64\debug\docmanagement.pdb
e:\workspace\file_save_haizeiwang10086\docmanagement\docmanagement\.\generatedfiles\debug\moc_tabledisp.cpp
e:\workspace\file_save_haizeiwang10086\docmanagement\docmanagement\.\generatedfiles\ui_tabledisp.h
e:\workspace\file_save_haizeiwang10086\docmanagement\docmanagement\x64\debug\docmanagement.tlog\cl.command.1.tlog
e:\workspace\file_save_haizeiwang10086\docmanagement\docmanagement\x64\debug\docmanagement.tlog\cl.read.1.tlog
e:\workspace\file_save_haizeiwang10086\docmanagement\docmanagement\x64\debug\docmanagement.tlog\cl.write.1.tlog
e:\workspace\file_save_haizeiwang10086\docmanagement\docmanagement\x64\debug\docmanagement.tlog\custombuild.command.1.tlog
e:\workspace\file_save_haizeiwang10086\docmanagement\docmanagement\x64\debug\docmanagement.tlog\custombuild.read.1.tlog
e:\workspace\file_save_haizeiwang10086\docmanagement\docmanagement\x64\debug\docmanagement.tlog\custombuild.write.1.tlog
e:\workspace\file_save_haizeiwang10086\docmanagement\docmanagement\x64\debug\docmanagement.tlog\docmanagement.write.1u.tlog
e:\workspace\file_save_haizeiwang10086\docmanagement\docmanagement\x64\debug\docmanagement.tlog\link.command.1.tlog
e:\workspace\file_save_haizeiwang10086\docmanagement\docmanagement\x64\debug\docmanagement.tlog\link.read.1.tlog
e:\workspace\file_save_haizeiwang10086\docmanagement\docmanagement\x64\debug\docmanagement.tlog\link.write.1.tlog
e:\workspace\file_save_haizeiwang10086\docmanagement\docmanagement\x64\debug\docmanagement.tlog\moc.read.1u.tlog
e:\workspace\file_save_haizeiwang10086\docmanagement\docmanagement\x64\debug\docmanagement.tlog\moc.write.1u.tlog
e:\workspace\file_save_haizeiwang10086\docmanagement\docmanagement\x64\debug\docmanagement.tlog\uic.read.1u.tlog
e:\workspace\file_save_haizeiwang10086\docmanagement\docmanagement\x64\debug\docmanagement.tlog\uic.write.1u.tlog
