e:\workspace\file_save_haizeiwang10086\docmanagement\docmanagement\release\vc140.pdb
e:\workspace\file_save_haizeiwang10086\docmanagement\docmanagement\release\moc_batcheditname.obj
e:\workspace\file_save_haizeiwang10086\docmanagement\docmanagement\release\main.obj
e:\workspace\file_save_haizeiwang10086\docmanagement\docmanagement\release\moc_docmanagement.obj
e:\workspace\file_save_haizeiwang10086\docmanagement\docmanagement\release\qrc_docmanagement.obj
e:\workspace\file_save_haizeiwang10086\docmanagement\docmanagement\release\docmanagement.obj
e:\workspace\file_save_haizeiwang10086\docmanagement\docmanagement\release\batcheditname.obj
e:\workspace\file_save_haizeiwang10086\docmanagement\docmanagement\generatedfiles\ui_batcheditfilename.h
e:\workspace\file_save_haizeiwang10086\docmanagement\docmanagement\generatedfiles\release\moc_batcheditname.cpp
e:\workspace\file_save_haizeiwang10086\qtsearchwindow\release\docmanagement.ilk
e:\workspace\file_save_haizeiwang10086\qtsearchwindow\release\docmanagement.exe
e:\workspace\file_save_haizeiwang10086\qtsearchwindow\release\docmanagement.pdb
e:\workspace\file_save_haizeiwang10086\docmanagement\docmanagement\release\docmanagement.tlog\cl.command.1.tlog
e:\workspace\file_save_haizeiwang10086\docmanagement\docmanagement\release\docmanagement.tlog\cl.read.1.tlog
e:\workspace\file_save_haizeiwang10086\docmanagement\docmanagement\release\docmanagement.tlog\cl.write.1.tlog
e:\workspace\file_save_haizeiwang10086\docmanagement\docmanagement\release\docmanagement.tlog\docmanagement.write.1u.tlog
e:\workspace\file_save_haizeiwang10086\docmanagement\docmanagement\release\docmanagement.tlog\link.command.1.tlog
e:\workspace\file_save_haizeiwang10086\docmanagement\docmanagement\release\docmanagement.tlog\link.read.1.tlog
e:\workspace\file_save_haizeiwang10086\docmanagement\docmanagement\release\docmanagement.tlog\link.write.1.tlog
e:\workspace\file_save_haizeiwang10086\docmanagement\docmanagement\release\docmanagement.tlog\moc.read.1u.tlog
e:\workspace\file_save_haizeiwang10086\docmanagement\docmanagement\release\docmanagement.tlog\moc.write.1u.tlog
e:\workspace\file_save_haizeiwang10086\docmanagement\docmanagement\release\docmanagement.tlog\uic.read.1u.tlog
e:\workspace\file_save_haizeiwang10086\docmanagement\docmanagement\release\docmanagement.tlog\uic.write.1u.tlog
